<?xml version="1.0" encoding="UTF-8"?>
<testng-results ignored="0" total="1" passed="1" failed="0" skipped="0">
  <reporter-output>
  </reporter-output>
  <suite started-at="2022-09-08T16:34:43 IST" name="Default suite" finished-at="2022-09-08T16:34:43 IST" duration-ms="211">
    <groups>
    </groups>
    <test started-at="2022-09-08T16:34:43 IST" name="Default test" finished-at="2022-09-08T16:34:43 IST" duration-ms="211">
      <class name="sampleTests.DemoTest">
        <test-method signature="demo()[pri:0, instance:sampleTests.DemoTest@25d250c6]" started-at="2022-09-08T16:34:43 IST" name="demo" finished-at="2022-09-08T16:34:43 IST" duration-ms="35" status="PASS">
          <reporter-output>
          </reporter-output>
        </test-method> <!-- demo -->
      </class> <!-- sampleTests.DemoTest -->
    </test> <!-- Default test -->
  </suite> <!-- Default suite -->
</testng-results>
